This file contains any messages produced by compilers while
running configure, to aid debugging if configure makes a mistake.

It was created by FULL-PACKAGE-NAME configure VERSION, which was
generated by GNU Autoconf 2.69.  Invocation command line was

  $ ./configure 

## --------- ##
## Platform. ##
## --------- ##

hostname = nieomylnieja-Latitude-5590
uname -m = x86_64
uname -r = 5.4.0-47-generic
uname -s = Linux
uname -v = #51-Ubuntu SMP Fri Sep 4 19:50:52 UTC 2020

/usr/bin/uname -p = unknown
/bin/uname -X     = unknown

/bin/arch              = unknown
/usr/bin/arch -k       = unknown
/usr/convex/getsysinfo = unknown
/usr/bin/hostinfo      = unknown
/bin/machine           = unknown
/usr/bin/oslevel       = unknown
/bin/universe          = unknown

PATH: /home/nieomylnieja/.cargo/bin
PATH: /home/nieomylnieja/.local/bin
PATH: /home/nieomylnieja/.nvm/versions/node/v12.18.3/bin
PATH: /home/nieomylnieja/.dotfiles/delta/target/release
PATH: /home/nieomylnieja/.yarn/bin
PATH: /home/nieomylnieja/.config/yarn/global/node_modules/.bin
PATH: /home/nieomylnieja/go/bin
PATH: /bin
PATH: /home/nieomylnieja/.krew/bin
PATH: /home/nieomylnieja/kafka_2.12-2.5.0/bin
PATH: /home/nieomylnieja/.dotfiles/scripts
PATH: /home/nieomylnieja/.pyenv/shims
PATH: /home/nieomylnieja/.pyenv/bin
PATH: /home/nieomylnieja/.cargo/bin
PATH: /home/nieomylnieja/.local/bin
PATH: /home/nieomylnieja/.nvm/versions/node/v12.18.3/bin
PATH: /home/nieomylnieja/.dotfiles/delta/target/release
PATH: /home/nieomylnieja/.yarn/bin
PATH: /home/nieomylnieja/.config/yarn/global/node_modules/.bin
PATH: /home/nieomylnieja/go/bin
PATH: /bin
PATH: /home/nieomylnieja/.krew/bin
PATH: /home/nieomylnieja/kafka_2.12-2.5.0/bin
PATH: /home/nieomylnieja/.dotfiles/scripts
PATH: /home/nieomylnieja/.pyenv/shims
PATH: /home/nieomylnieja/.pyenv/bin
PATH: /home/nieomylnieja/.cargo/bin
PATH: /home/nieomylnieja/.local/bin
PATH: /home/nieomylnieja/.cargo/bin
PATH: /home/nieomylnieja/.local/bin
PATH: /usr/local/sbin
PATH: /usr/local/bin
PATH: /usr/sbin
PATH: /usr/bin
PATH: /sbin
PATH: /bin
PATH: /usr/games
PATH: /usr/local/games
PATH: /snap/bin
PATH: /usr/lib/jvm/java-13-oracle/bin
PATH: /usr/lib/jvm/java-13-oracle/db/bin
PATH: /home/nieomylnieja/.fzf/bin
PATH: /usr/lib/jvm/java-13-oracle/bin
PATH: /usr/lib/jvm/java-13-oracle/db/bin


## ----------- ##
## Core tests. ##
## ----------- ##

configure:2314: checking for a BSD-compatible install
configure:2382: result: /usr/bin/install -c
configure:2393: checking whether build environment is sane
configure:2448: result: yes
configure:2597: checking for a thread-safe mkdir -p
configure:2636: result: /bin/mkdir -p
configure:2643: checking for gawk
configure:2659: found /usr/bin/gawk
configure:2670: result: gawk
configure:2681: checking whether make sets $(MAKE)
configure:2703: result: yes
configure:2732: checking whether make supports nested variables
configure:2749: result: yes
configure:2905: checking build system type
configure:2919: result: x86_64-pc-linux-gnu
configure:2939: checking host system type
configure:2952: result: x86_64-pc-linux-gnu
configure:2993: checking how to print strings
configure:3020: result: printf
configure:3053: checking for style of include used by make
configure:3081: result: GNU
configure:3152: checking for gcc
configure:3168: found /usr/bin/gcc
configure:3179: result: gcc
configure:3408: checking for C compiler version
configure:3417: gcc --version >&5
gcc (Ubuntu 9.3.0-10ubuntu2) 9.3.0
Copyright (C) 2019 Free Software Foundation, Inc.
This is free software; see the source for copying conditions.  There is NO
warranty; not even for MERCHANTABILITY or FITNESS FOR A PARTICULAR PURPOSE.

configure:3428: $? = 0
configure:3417: gcc -v >&5
Using built-in specs.
COLLECT_GCC=gcc
COLLECT_LTO_WRAPPER=/usr/lib/gcc/x86_64-linux-gnu/9/lto-wrapper
OFFLOAD_TARGET_NAMES=nvptx-none:hsa
OFFLOAD_TARGET_DEFAULT=1
Target: x86_64-linux-gnu
Configured with: ../src/configure -v --with-pkgversion='Ubuntu 9.3.0-10ubuntu2' --with-bugurl=file:///usr/share/doc/gcc-9/README.Bugs --enable-languages=c,ada,c++,go,brig,d,fortran,objc,obj-c++,gm2 --prefix=/usr --with-gcc-major-version-only --program-suffix=-9 --program-prefix=x86_64-linux-gnu- --enable-shared --enable-linker-build-id --libexecdir=/usr/lib --without-included-gettext --enable-threads=posix --libdir=/usr/lib --enable-nls --enable-clocale=gnu --enable-libstdcxx-debug --enable-libstdcxx-time=yes --with-default-libstdcxx-abi=new --enable-gnu-unique-object --disable-vtable-verify --enable-plugin --enable-default-pie --with-system-zlib --with-target-system-zlib=auto --enable-objc-gc=auto --enable-multiarch --disable-werror --with-arch-32=i686 --with-abi=m64 --with-multilib-list=m32,m64,mx32 --enable-multilib --with-tune=generic --enable-offload-targets=nvptx-none,hsa --without-cuda-driver --enable-checking=release --build=x86_64-linux-gnu --host=x86_64-linux-gnu --target=x86_64-linux-gnu
Thread model: posix
gcc version 9.3.0 (Ubuntu 9.3.0-10ubuntu2) 
configure:3428: $? = 0
configure:3417: gcc -V >&5
gcc: error: unrecognized command line option '-V'
gcc: fatal error: no input files
compilation terminated.
configure:3428: $? = 1
configure:3417: gcc -qversion >&5
gcc: error: unrecognized command line option '-qversion'; did you mean '--version'?
gcc: fatal error: no input files
compilation terminated.
configure:3428: $? = 1
configure:3448: checking whether the C compiler works
configure:3470: gcc    conftest.c  >&5
configure:3474: $? = 0
configure:3522: result: yes
configure:3525: checking for C compiler default output file name
configure:3527: result: a.out
configure:3533: checking for suffix of executables
configure:3540: gcc -o conftest    conftest.c  >&5
configure:3544: $? = 0
configure:3566: result: 
configure:3588: checking whether we are cross compiling
configure:3596: gcc -o conftest    conftest.c  >&5
configure:3600: $? = 0
configure:3607: ./conftest
configure:3611: $? = 0
configure:3599: result: no
configure:3604: checking for suffix of object files
configure:3626: gcc -c   conftest.c >&5
configure:3630: $? = 0
configure:3651: result: o
configure:3655: checking whether we are using the GNU C compiler
configure:3674: gcc -c   conftest.c >&5
configure:3674: $? = 0
configure:3683: result: yes
configure:3692: checking whether gcc accepts -g
configure:3712: gcc -c -g  conftest.c >&5
configure:3712: $? = 0
configure:3753: result: yes
configure:3770: checking for gcc option to accept ISO C89
configure:3833: gcc  -c -g -O2  conftest.c >&5
configure:3833: $? = 0
configure:3846: result: none needed
configure:3871: checking whether gcc understands -c and -o together
configure:3893: gcc -c conftest.c -o conftest2.o
configure:3896: $? = 0
configure:3893: gcc -c conftest.c -o conftest2.o
configure:3896: $? = 0
configure:3908: result: yes
configure:3927: checking dependency style of gcc
configure:4038: result: gcc3
configure:4053: checking for a sed that does not truncate output
configure:4117: result: /bin/sed
configure:4135: checking for grep that handles long lines and -e
configure:4193: result: /bin/grep
configure:4198: checking for egrep
configure:4260: result: /bin/grep -E
configure:4265: checking for fgrep
configure:4327: result: /bin/grep -F
configure:4362: checking for ld used by gcc
configure:4429: result: /usr/bin/ld
configure:4436: checking if the linker (/usr/bin/ld) is GNU ld
configure:4451: result: yes
configure:4463: checking for BSD- or MS-compatible name lister (nm)
configure:4517: result: /usr/bin/nm -B
configure:4647: checking the name lister (/usr/bin/nm -B) interface
configure:4654: gcc -c -g -O2  conftest.c >&5
configure:4657: /usr/bin/nm -B "conftest.o"
configure:4660: output
0000000000000000 B some_variable
configure:4661: result: BSD nm
configure:4664: checking whether ln -s works
configure:4668: result: yes
configure:4676: checking the maximum length of command line arguments
configure:4807: result: 1572864
configure:4855: checking how to convert x86_64-pc-linux-gnu file names to x86_64-pc-linux-gnu format
configure:4895: result: func_convert_file_noop
configure:4902: checking how to convert x86_64-pc-linux-gnu file names to toolchain format
configure:4922: result: func_convert_file_noop
configure:4929: checking for /usr/bin/ld option to reload object files
configure:4936: result: -r
configure:5010: checking for objdump
configure:5026: found /usr/bin/objdump
configure:5037: result: objdump
configure:5069: checking how to recognize dependent libraries
configure:5269: result: pass_all
configure:5354: checking for dlltool
configure:5384: result: no
configure:5414: checking how to associate runtime and link libraries
configure:5441: result: printf %s\n
configure:5502: checking for ar
configure:5518: found /usr/bin/ar
configure:5529: result: ar
configure:5566: checking for archiver @FILE support
configure:5583: gcc -c -g -O2  conftest.c >&5
configure:5583: $? = 0
configure:5586: ar cru libconftest.a @conftest.lst >&5
ar: `u' modifier ignored since `D' is the default (see `U')
configure:5589: $? = 0
configure:5594: ar cru libconftest.a @conftest.lst >&5
ar: `u' modifier ignored since `D' is the default (see `U')
ar: conftest.o: No such file or directory
configure:5597: $? = 1
configure:5596: result: @
configure:5654: checking for strip
configure:5670: found /usr/bin/strip
configure:5681: result: strip
configure:5753: checking for ranlib
configure:5769: found /usr/bin/ranlib
configure:5780: result: ranlib
configure:5882: checking command to parse /usr/bin/nm -B output from gcc object
configure:6035: gcc -c -g -O2  conftest.c >&5
configure:6038: $? = 0
configure:6042: /usr/bin/nm -B conftest.o \| sed -n -e 's/^.*[ ]\([ABCDGIRSTW][ABCDGIRSTW]*\)[ ][ ]*\([_A-Za-z][_A-Za-z0-9]*\)$/\1 \2 \2/p' | sed '/ __gnu_lto/d' \> conftest.nm
configure:6045: $? = 0
configure:6111: gcc -o conftest -g -O2   conftest.c conftstm.o >&5
configure:6114: $? = 0
configure:6152: result: ok
configure:6199: checking for sysroot
configure:6229: result: no
configure:6236: checking for a working dd
configure:6274: result: /bin/dd
configure:6278: checking how to truncate binary pipes
configure:6293: result: /bin/dd bs=4096 count=1
configure:6429: gcc -c -g -O2  conftest.c >&5
configure:6432: $? = 0
configure:6622: checking for mt
configure:6638: found /bin/mt
configure:6649: result: mt
configure:6672: checking if mt is a manifest tool
configure:6678: mt '-?'
configure:6686: result: no
configure:7363: checking how to run the C preprocessor
configure:7394: gcc -E  conftest.c
configure:7394: $? = 0
configure:7408: gcc -E  conftest.c
conftest.c:11:10: fatal error: ac_nonexistent.h: No such file or directory
   11 | #include <ac_nonexistent.h>
      |          ^~~~~~~~~~~~~~~~~~
compilation terminated.
configure:7408: $? = 1
configure: failed program was:
| /* confdefs.h */
| #define PACKAGE_NAME "FULL-PACKAGE-NAME"
| #define PACKAGE_TARNAME "full-package-name"
| #define PACKAGE_VERSION "VERSION"
| #define PACKAGE_STRING "FULL-PACKAGE-NAME VERSION"
| #define PACKAGE_BUGREPORT "BUG-REPORT-ADDRESS"
| #define PACKAGE_URL ""
| #define PACKAGE "pgnlib"
| #define VERSION "0.2.5"
| /* end confdefs.h.  */
| #include <ac_nonexistent.h>
configure:7433: result: gcc -E
configure:7453: gcc -E  conftest.c
configure:7453: $? = 0
configure:7467: gcc -E  conftest.c
conftest.c:11:10: fatal error: ac_nonexistent.h: No such file or directory
   11 | #include <ac_nonexistent.h>
      |          ^~~~~~~~~~~~~~~~~~
compilation terminated.
configure:7467: $? = 1
configure: failed program was:
| /* confdefs.h */
| #define PACKAGE_NAME "FULL-PACKAGE-NAME"
| #define PACKAGE_TARNAME "full-package-name"
| #define PACKAGE_VERSION "VERSION"
| #define PACKAGE_STRING "FULL-PACKAGE-NAME VERSION"
| #define PACKAGE_BUGREPORT "BUG-REPORT-ADDRESS"
| #define PACKAGE_URL ""
| #define PACKAGE "pgnlib"
| #define VERSION "0.2.5"
| /* end confdefs.h.  */
| #include <ac_nonexistent.h>
configure:7496: checking for ANSI C header files
configure:7516: gcc -c -g -O2  conftest.c >&5
configure:7516: $? = 0
configure:7589: gcc -o conftest -g -O2   conftest.c  >&5
configure:7589: $? = 0
configure:7589: ./conftest
configure:7589: $? = 0
configure:7600: result: yes
configure:7613: checking for sys/types.h
configure:7613: gcc -c -g -O2  conftest.c >&5
configure:7613: $? = 0
configure:7613: result: yes
configure:7613: checking for sys/stat.h
configure:7613: gcc -c -g -O2  conftest.c >&5
configure:7613: $? = 0
configure:7613: result: yes
configure:7613: checking for stdlib.h
configure:7613: gcc -c -g -O2  conftest.c >&5
configure:7613: $? = 0
configure:7613: result: yes
configure:7613: checking for string.h
configure:7613: gcc -c -g -O2  conftest.c >&5
configure:7613: $? = 0
configure:7613: result: yes
configure:7613: checking for memory.h
configure:7613: gcc -c -g -O2  conftest.c >&5
configure:7613: $? = 0
configure:7613: result: yes
configure:7613: checking for strings.h
configure:7613: gcc -c -g -O2  conftest.c >&5
configure:7613: $? = 0
configure:7613: result: yes
configure:7613: checking for inttypes.h
configure:7613: gcc -c -g -O2  conftest.c >&5
configure:7613: $? = 0
configure:7613: result: yes
configure:7613: checking for stdint.h
configure:7613: gcc -c -g -O2  conftest.c >&5
configure:7613: $? = 0
configure:7613: result: yes
configure:7613: checking for unistd.h
configure:7613: gcc -c -g -O2  conftest.c >&5
configure:7613: $? = 0
configure:7613: result: yes
configure:7627: checking for dlfcn.h
configure:7627: gcc -c -g -O2  conftest.c >&5
configure:7627: $? = 0
configure:7627: result: yes
configure:7883: checking for objdir
configure:7898: result: .libs
configure:8158: checking if gcc supports -fno-rtti -fno-exceptions
configure:8176: gcc -c -g -O2  -fno-rtti -fno-exceptions conftest.c >&5
cc1: warning: command line option '-fno-rtti' is valid for C++/D/ObjC++ but not for C
configure:8180: $? = 0
configure:8193: result: no
configure:8551: checking for gcc option to produce PIC
configure:8558: result: -fPIC -DPIC
configure:8566: checking if gcc PIC flag -fPIC -DPIC works
configure:8584: gcc -c -g -O2  -fPIC -DPIC -DPIC conftest.c >&5
configure:8588: $? = 0
configure:8601: result: yes
configure:8630: checking if gcc static flag -static works
configure:8658: result: yes
configure:8673: checking if gcc supports -c -o file.o
configure:8694: gcc -c -g -O2  -o out/conftest2.o conftest.c >&5
configure:8698: $? = 0
configure:8720: result: yes
configure:8728: checking if gcc supports -c -o file.o
configure:8775: result: yes
configure:8808: checking whether the gcc linker (/usr/bin/ld -m elf_x86_64) supports shared libraries
configure:10071: result: yes
configure:10108: checking whether -lc should be explicitly linked in
configure:10116: gcc -c -g -O2  conftest.c >&5
configure:10119: $? = 0
configure:10134: gcc -shared  -fPIC -DPIC conftest.o  -v -Wl,-soname -Wl,conftest -o conftest 2\>\&1 \| /bin/grep  -lc  \>/dev/null 2\>\&1
configure:10137: $? = 0
configure:10151: result: no
configure:10311: checking dynamic linker characteristics
configure:10892: gcc -o conftest -g -O2   -Wl,-rpath -Wl,/foo conftest.c  >&5
configure:10892: $? = 0
configure:11141: result: GNU/Linux ld.so
configure:11263: checking how to hardcode library paths into programs
configure:11288: result: immediate
configure:11836: checking whether stripping libraries is possible
configure:11841: result: yes
configure:11876: checking if libtool supports shared libraries
configure:11878: result: yes
configure:11881: checking whether to build shared libraries
configure:11906: result: yes
configure:11909: checking whether to build static libraries
configure:11913: result: yes
configure:8787: checking for g++
configure:8803: found /usr/bin/g++
configure:8814: result: g++
configure:8841: checking for C++ compiler version
configure:8850: g++ --version >&5
g++ (Ubuntu 9.3.0-10ubuntu2) 9.3.0
Copyright (C) 2019 Free Software Foundation, Inc.
This is free software; see the source for copying conditions.  There is NO
warranty; not even for MERCHANTABILITY or FITNESS FOR A PARTICULAR PURPOSE.

configure:8861: $? = 0
configure:8850: g++ -v >&5
Using built-in specs.
COLLECT_GCC=g++
COLLECT_LTO_WRAPPER=/usr/lib/gcc/x86_64-linux-gnu/9/lto-wrapper
OFFLOAD_TARGET_NAMES=nvptx-none:hsa
OFFLOAD_TARGET_DEFAULT=1
Target: x86_64-linux-gnu
Configured with: ../src/configure -v --with-pkgversion='Ubuntu 9.3.0-10ubuntu2' --with-bugurl=file:///usr/share/doc/gcc-9/README.Bugs --enable-languages=c,ada,c++,go,brig,d,fortran,objc,obj-c++,gm2 --prefix=/usr --with-gcc-major-version-only --program-suffix=-9 --program-prefix=x86_64-linux-gnu- --enable-shared --enable-linker-build-id --libexecdir=/usr/lib --without-included-gettext --enable-threads=posix --libdir=/usr/lib --enable-nls --enable-clocale=gnu --enable-libstdcxx-debug --enable-libstdcxx-time=yes --with-default-libstdcxx-abi=new --enable-gnu-unique-object --disable-vtable-verify --enable-plugin --enable-default-pie --with-system-zlib --with-target-system-zlib=auto --enable-objc-gc=auto --enable-multiarch --disable-werror --with-arch-32=i686 --with-abi=m64 --with-multilib-list=m32,m64,mx32 --enable-multilib --with-tune=generic --enable-offload-targets=nvptx-none,hsa --without-cuda-driver --enable-checking=release --build=x86_64-linux-gnu --host=x86_64-linux-gnu --target=x86_64-linux-gnu
Thread model: posix
gcc version 9.3.0 (Ubuntu 9.3.0-10ubuntu2) 
configure:8861: $? = 0
configure:8850: g++ -V >&5
g++: error: unrecognized command line option '-V'
g++: fatal error: no input files
compilation terminated.
configure:8861: $? = 1
configure:8850: g++ -qversion >&5
g++: error: unrecognized command line option '-qversion'; did you mean '--version'?
g++: fatal error: no input files
compilation terminated.
configure:8861: $? = 1
configure:8865: checking whether we are using the GNU C++ compiler
configure:8884: g++ -c   conftest.cpp >&5
configure:8884: $? = 0
configure:8893: result: yes
configure:8902: checking whether g++ accepts -g
configure:8922: g++ -c -g  conftest.cpp >&5
configure:8922: $? = 0
configure:8963: result: yes
configure:8988: checking dependency style of g++
configure:9099: result: gcc3
configure:9132: checking how to run the C++ preprocessor
configure:9159: g++ -E  conftest.cpp
configure:9159: $? = 0
configure:9173: g++ -E  conftest.cpp
conftest.cpp:23:10: fatal error: ac_nonexistent.h: No such file or directory
   23 | #include <ac_nonexistent.h>
      |          ^~~~~~~~~~~~~~~~~~
compilation terminated.
configure:9173: $? = 1
configure: failed program was:
| /* confdefs.h */
| #define PACKAGE_NAME "FULL-PACKAGE-NAME"
| #define PACKAGE_TARNAME "full-package-name"
| #define PACKAGE_VERSION "VERSION"
| #define PACKAGE_STRING "FULL-PACKAGE-NAME VERSION"
| #define PACKAGE_BUGREPORT "BUG-REPORT-ADDRESS"
| #define PACKAGE_URL ""
| #define PACKAGE "pgnlib"
| #define VERSION "0.2.5"
| #define STDC_HEADERS 1
| #define HAVE_SYS_TYPES_H 1
| #define HAVE_SYS_STAT_H 1
| #define HAVE_STDLIB_H 1
| #define HAVE_STRING_H 1
| #define HAVE_MEMORY_H 1
| #define HAVE_STRINGS_H 1
| #define HAVE_INTTYPES_H 1
| #define HAVE_STDINT_H 1
| #define HAVE_UNISTD_H 1
| #define HAVE_DLFCN_H 1
| #define LT_OBJDIR ".libs/"
| /* end confdefs.h.  */
| #include <ac_nonexistent.h>
configure:9198: result: g++ -E
configure:9218: g++ -E  conftest.cpp
configure:9218: $? = 0
configure:9232: g++ -E  conftest.cpp
conftest.cpp:23:10: fatal error: ac_nonexistent.h: No such file or directory
   23 | #include <ac_nonexistent.h>
      |          ^~~~~~~~~~~~~~~~~~
compilation terminated.
configure:9232: $? = 1
configure: failed program was:
| /* confdefs.h */
| #define PACKAGE_NAME "FULL-PACKAGE-NAME"
| #define PACKAGE_TARNAME "full-package-name"
| #define PACKAGE_VERSION "VERSION"
| #define PACKAGE_STRING "FULL-PACKAGE-NAME VERSION"
| #define PACKAGE_BUGREPORT "BUG-REPORT-ADDRESS"
| #define PACKAGE_URL ""
| #define PACKAGE "pgnlib"
| #define VERSION "0.2.5"
| #define STDC_HEADERS 1
| #define HAVE_SYS_TYPES_H 1
| #define HAVE_SYS_STAT_H 1
| #define HAVE_STDLIB_H 1
| #define HAVE_STRING_H 1
| #define HAVE_MEMORY_H 1
| #define HAVE_STRINGS_H 1
| #define HAVE_INTTYPES_H 1
| #define HAVE_STDINT_H 1
| #define HAVE_UNISTD_H 1
| #define HAVE_DLFCN_H 1
| #define LT_OBJDIR ".libs/"
| /* end confdefs.h.  */
| #include <ac_nonexistent.h>
configure:9394: checking for ld used by g++
configure:9461: result: /usr/bin/ld -m elf_x86_64
configure:9468: checking if the linker (/usr/bin/ld -m elf_x86_64) is GNU ld
configure:9483: result: yes
configure:9538: checking whether the g++ linker (/usr/bin/ld -m elf_x86_64) supports shared libraries
configure:10611: result: yes
configure:10647: g++ -c -g -O2  conftest.cpp >&5
configure:10650: $? = 0
configure:11131: checking for g++ option to produce PIC
configure:11138: result: -fPIC -DPIC
configure:11146: checking if g++ PIC flag -fPIC -DPIC works
configure:11164: g++ -c -g -O2  -fPIC -DPIC -DPIC conftest.cpp >&5
configure:11168: $? = 0
configure:11181: result: yes
configure:11204: checking if g++ static flag -static works
configure:11232: result: yes
configure:11244: checking if g++ supports -c -o file.o
configure:11265: g++ -c -g -O2  -o out/conftest2.o conftest.cpp >&5
configure:11269: $? = 0
configure:11291: result: yes
configure:11296: checking if g++ supports -c -o file.o
configure:11343: result: yes
configure:11373: checking whether the g++ linker (/usr/bin/ld -m elf_x86_64) supports shared libraries
configure:11416: result: yes
configure:11557: checking dynamic linker characteristics
configure:12314: result: GNU/Linux ld.so
configure:12379: checking how to hardcode library paths into programs
configure:12404: result: immediate
configure:11323: checking for gcc
configure:11350: result: gcc
configure:11579: checking for C compiler version
configure:11588: gcc --version >&5
gcc (Ubuntu 9.3.0-10ubuntu2) 9.3.0
Copyright (C) 2019 Free Software Foundation, Inc.
This is free software; see the source for copying conditions.  There is NO
warranty; not even for MERCHANTABILITY or FITNESS FOR A PARTICULAR PURPOSE.

configure:11599: $? = 0
configure:11588: gcc -v >&5
Using built-in specs.
COLLECT_GCC=gcc
COLLECT_LTO_WRAPPER=/usr/lib/gcc/x86_64-linux-gnu/9/lto-wrapper
OFFLOAD_TARGET_NAMES=nvptx-none:hsa
OFFLOAD_TARGET_DEFAULT=1
Target: x86_64-linux-gnu
Configured with: ../src/configure -v --with-pkgversion='Ubuntu 9.3.0-10ubuntu2' --with-bugurl=file:///usr/share/doc/gcc-9/README.Bugs --enable-languages=c,ada,c++,go,brig,d,fortran,objc,obj-c++,gm2 --prefix=/usr --with-gcc-major-version-only --program-suffix=-9 --program-prefix=x86_64-linux-gnu- --enable-shared --enable-linker-build-id --libexecdir=/usr/lib --without-included-gettext --enable-threads=posix --libdir=/usr/lib --enable-nls --enable-clocale=gnu --enable-libstdcxx-debug --enable-libstdcxx-time=yes --with-default-libstdcxx-abi=new --enable-gnu-unique-object --disable-vtable-verify --enable-plugin --enable-default-pie --with-system-zlib --with-target-system-zlib=auto --enable-objc-gc=auto --enable-multiarch --disable-werror --with-arch-32=i686 --with-abi=m64 --with-multilib-list=m32,m64,mx32 --enable-multilib --with-tune=generic --enable-offload-targets=nvptx-none,hsa --without-cuda-driver --enable-checking=release --build=x86_64-linux-gnu --host=x86_64-linux-gnu --target=x86_64-linux-gnu
Thread model: posix
gcc version 9.3.0 (Ubuntu 9.3.0-10ubuntu2) 
configure:11599: $? = 0
configure:11588: gcc -V >&5
gcc: error: unrecognized command line option '-V'
gcc: fatal error: no input files
compilation terminated.
configure:11599: $? = 1
configure:11588: gcc -qversion >&5
gcc: error: unrecognized command line option '-qversion'; did you mean '--version'?
gcc: fatal error: no input files
compilation terminated.
configure:11599: $? = 1
configure:11603: checking whether we are using the GNU C compiler
configure:11631: result: yes
configure:11640: checking whether gcc accepts -g
configure:11701: result: yes
configure:11718: checking for gcc option to accept ISO C89
configure:11794: result: none needed
configure:11819: checking whether gcc understands -c and -o together
configure:11856: result: yes
configure:11875: checking dependency style of gcc
configure:11986: result: gcc3
configure:12112: checking that generated files are newer than configure
configure:12118: result: done
configure:12149: creating ./config.status

## ---------------------- ##
## Running config.status. ##
## ---------------------- ##

This file was extended by FULL-PACKAGE-NAME config.status VERSION, which was
generated by GNU Autoconf 2.69.  Invocation command line was

  CONFIG_FILES    = 
  CONFIG_HEADERS  = 
  CONFIG_LINKS    = 
  CONFIG_COMMANDS = 
  $ ./config.status 

on nieomylnieja-Latitude-5590

config.status:1143: creating Makefile
config.status:1143: creating config.h
config.status:1372: executing depfiles commands
config.status:1372: executing libtool commands

## ---------------- ##
## Cache variables. ##
## ---------------- ##

ac_cv_build=x86_64-pc-linux-gnu
ac_cv_c_compiler_gnu=yes
ac_cv_cxx_compiler_gnu=yes
ac_cv_env_CCC_set=
ac_cv_env_CCC_value=
ac_cv_env_CC_set=
ac_cv_env_CC_value=
ac_cv_env_CFLAGS_set=
ac_cv_env_CFLAGS_value=
ac_cv_env_CPPFLAGS_set=
ac_cv_env_CPPFLAGS_value=
ac_cv_env_CPP_set=
ac_cv_env_CPP_value=
ac_cv_env_CXXCPP_set=
ac_cv_env_CXXCPP_value=
ac_cv_env_CXXFLAGS_set=
ac_cv_env_CXXFLAGS_value=
ac_cv_env_CXX_set=
ac_cv_env_CXX_value=
ac_cv_env_LDFLAGS_set=
ac_cv_env_LDFLAGS_value=
ac_cv_env_LIBS_set=
ac_cv_env_LIBS_value=
ac_cv_env_LT_SYS_LIBRARY_PATH_set=
ac_cv_env_LT_SYS_LIBRARY_PATH_value=
ac_cv_env_build_alias_set=
ac_cv_env_build_alias_value=
ac_cv_env_host_alias_set=
ac_cv_env_host_alias_value=
ac_cv_env_target_alias_set=
ac_cv_env_target_alias_value=
ac_cv_header_dlfcn_h=yes
ac_cv_header_inttypes_h=yes
ac_cv_header_memory_h=yes
ac_cv_header_stdc=yes
ac_cv_header_stdint_h=yes
ac_cv_header_stdlib_h=yes
ac_cv_header_string_h=yes
ac_cv_header_strings_h=yes
ac_cv_header_sys_stat_h=yes
ac_cv_header_sys_types_h=yes
ac_cv_header_unistd_h=yes
ac_cv_host=x86_64-pc-linux-gnu
ac_cv_objext=o
ac_cv_path_EGREP='/bin/grep -E'
ac_cv_path_FGREP='/bin/grep -F'
ac_cv_path_GREP=/bin/grep
ac_cv_path_SED=/bin/sed
ac_cv_path_install='/usr/bin/install -c'
ac_cv_path_lt_DD=/bin/dd
ac_cv_path_mkdir=/bin/mkdir
ac_cv_prog_AWK=gawk
ac_cv_prog_CPP='gcc -E'
ac_cv_prog_CXXCPP='g++ -E'
ac_cv_prog_ac_ct_AR=ar
ac_cv_prog_ac_ct_CC=gcc
ac_cv_prog_ac_ct_CXX=g++
ac_cv_prog_ac_ct_MANIFEST_TOOL=mt
ac_cv_prog_ac_ct_OBJDUMP=objdump
ac_cv_prog_ac_ct_RANLIB=ranlib
ac_cv_prog_ac_ct_STRIP=strip
ac_cv_prog_cc_c89=
ac_cv_prog_cc_g=yes
ac_cv_prog_cxx_g=yes
ac_cv_prog_make_make_set=yes
am_cv_CC_dependencies_compiler_type=gcc3
am_cv_CXX_dependencies_compiler_type=gcc3
am_cv_make_support_nested_variables=yes
am_cv_prog_cc_c_o=yes
lt_cv_ar_at_file=@
lt_cv_archive_cmds_need_lc=no
lt_cv_deplibs_check_method=pass_all
lt_cv_file_magic_cmd='$MAGIC_CMD'
lt_cv_file_magic_test_file=
lt_cv_ld_reload_flag=-r
lt_cv_nm_interface='BSD nm'
lt_cv_objdir=.libs
lt_cv_path_LD=/usr/bin/ld
lt_cv_path_LDCXX='/usr/bin/ld -m elf_x86_64'
lt_cv_path_NM='/usr/bin/nm -B'
lt_cv_path_mainfest_tool=no
lt_cv_prog_compiler_c_o=yes
lt_cv_prog_compiler_c_o_CXX=yes
lt_cv_prog_compiler_pic='-fPIC -DPIC'
lt_cv_prog_compiler_pic_CXX='-fPIC -DPIC'
lt_cv_prog_compiler_pic_works=yes
lt_cv_prog_compiler_pic_works_CXX=yes
lt_cv_prog_compiler_rtti_exceptions=no
lt_cv_prog_compiler_static_works=yes
lt_cv_prog_compiler_static_works_CXX=yes
lt_cv_prog_gnu_ld=yes
lt_cv_prog_gnu_ldcxx=yes
lt_cv_sharedlib_from_linklib_cmd='printf %s\n'
lt_cv_shlibpath_overrides_runpath=yes
lt_cv_sys_global_symbol_pipe='sed -n -e '\''s/^.*[	 ]\([ABCDGIRSTW][ABCDGIRSTW]*\)[	 ][	 ]*\([_A-Za-z][_A-Za-z0-9]*\)$/\1 \2 \2/p'\'' | sed '\''/ __gnu_lto/d'\'''
lt_cv_sys_global_symbol_to_c_name_address='sed -n -e '\''s/^: \(.*\) .*$/  {"\1", (void *) 0},/p'\'' -e '\''s/^[ABCDGIRSTW][ABCDGIRSTW]* .* \(.*\)$/  {"\1", (void *) \&\1},/p'\'''
lt_cv_sys_global_symbol_to_c_name_address_lib_prefix='sed -n -e '\''s/^: \(.*\) .*$/  {"\1", (void *) 0},/p'\'' -e '\''s/^[ABCDGIRSTW][ABCDGIRSTW]* .* \(lib.*\)$/  {"\1", (void *) \&\1},/p'\'' -e '\''s/^[ABCDGIRSTW][ABCDGIRSTW]* .* \(.*\)$/  {"lib\1", (void *) \&\1},/p'\'''
lt_cv_sys_global_symbol_to_cdecl='sed -n -e '\''s/^T .* \(.*\)$/extern int \1();/p'\'' -e '\''s/^[ABCDGIRSTW][ABCDGIRSTW]* .* \(.*\)$/extern char \1;/p'\'''
lt_cv_sys_global_symbol_to_import=
lt_cv_sys_max_cmd_len=1572864
lt_cv_to_host_file_cmd=func_convert_file_noop
lt_cv_to_tool_file_cmd=func_convert_file_noop
lt_cv_truncate_bin='/bin/dd bs=4096 count=1'

## ----------------- ##
## Output variables. ##
## ----------------- ##

ACLOCAL='${SHELL} /home/nieomylnieja/Downloads/pgnlib-0.2.5/missing aclocal-1.15'
AMDEPBACKSLASH='\'
AMDEP_FALSE='#'
AMDEP_TRUE=''
AMTAR='$${TAR-tar}'
AM_BACKSLASH='\'
AM_DEFAULT_V='$(AM_DEFAULT_VERBOSITY)'
AM_DEFAULT_VERBOSITY='1'
AM_V='$(V)'
AR='ar'
AUTOCONF='${SHELL} /home/nieomylnieja/Downloads/pgnlib-0.2.5/missing autoconf'
AUTOHEADER='${SHELL} /home/nieomylnieja/Downloads/pgnlib-0.2.5/missing autoheader'
AUTOMAKE='${SHELL} /home/nieomylnieja/Downloads/pgnlib-0.2.5/missing automake-1.15'
AWK='gawk'
CC='gcc'
CCDEPMODE='depmode=gcc3'
CFLAGS='-g -O2'
CPP='gcc -E'
CPPFLAGS=''
CXX='g++'
CXXCPP='g++ -E'
CXXDEPMODE='depmode=gcc3'
CXXFLAGS='-g -O2'
CYGPATH_W='echo'
DEFS='-DHAVE_CONFIG_H'
DEPDIR='.deps'
DLLTOOL='false'
DSYMUTIL=''
DUMPBIN=''
ECHO_C=''
ECHO_N='-n'
ECHO_T=''
EGREP='/bin/grep -E'
EXEEXT=''
FGREP='/bin/grep -F'
GREP='/bin/grep'
INSTALL_DATA='${INSTALL} -m 644'
INSTALL_PROGRAM='${INSTALL}'
INSTALL_SCRIPT='${INSTALL}'
INSTALL_STRIP_PROGRAM='$(install_sh) -c -s'
LD='/usr/bin/ld -m elf_x86_64'
LDFLAGS=''
LIBOBJS=''
LIBS=''
LIBTOOL='$(SHELL) $(top_builddir)/libtool'
LIPO=''
LN_S='ln -s'
LTLIBOBJS=''
LT_SYS_LIBRARY_PATH=''
MAKEINFO='${SHELL} /home/nieomylnieja/Downloads/pgnlib-0.2.5/missing makeinfo'
MANIFEST_TOOL=':'
MKDIR_P='/bin/mkdir -p'
NM='/usr/bin/nm -B'
NMEDIT=''
OBJDUMP='objdump'
OBJEXT='o'
OTOOL64=''
OTOOL=''
PACKAGE='pgnlib'
PACKAGE_BUGREPORT='BUG-REPORT-ADDRESS'
PACKAGE_NAME='FULL-PACKAGE-NAME'
PACKAGE_STRING='FULL-PACKAGE-NAME VERSION'
PACKAGE_TARNAME='full-package-name'
PACKAGE_URL=''
PACKAGE_VERSION='VERSION'
PATH_SEPARATOR=':'
RANLIB='ranlib'
SED='/bin/sed'
SET_MAKE=''
SHELL='/bin/bash'
STRIP='strip'
VERSION='0.2.5'
ac_ct_AR='ar'
ac_ct_CC='gcc'
ac_ct_CXX='g++'
ac_ct_DUMPBIN=''
am__EXEEXT_FALSE=''
am__EXEEXT_TRUE='#'
am__fastdepCC_FALSE='#'
am__fastdepCC_TRUE=''
am__fastdepCXX_FALSE='#'
am__fastdepCXX_TRUE=''
am__include='include'
am__isrc=''
am__leading_dot='.'
am__nodep='_no'
am__quote=''
am__tar='$${TAR-tar} chof - "$$tardir"'
am__untar='$${TAR-tar} xf -'
bindir='${exec_prefix}/bin'
build='x86_64-pc-linux-gnu'
build_alias=''
build_cpu='x86_64'
build_os='linux-gnu'
build_vendor='pc'
datadir='${datarootdir}'
datarootdir='${prefix}/share'
docdir='${datarootdir}/doc/${PACKAGE_TARNAME}'
dvidir='${docdir}'
exec_prefix='${prefix}'
host='x86_64-pc-linux-gnu'
host_alias=''
host_cpu='x86_64'
host_os='linux-gnu'
host_vendor='pc'
htmldir='${docdir}'
includedir='${prefix}/include'
infodir='${datarootdir}/info'
install_sh='${SHELL} /home/nieomylnieja/Downloads/pgnlib-0.2.5/install-sh'
libdir='${exec_prefix}/lib'
libexecdir='${exec_prefix}/libexec'
localedir='${datarootdir}/locale'
localstatedir='${prefix}/var'
mandir='${datarootdir}/man'
mkdir_p='$(MKDIR_P)'
oldincludedir='/usr/include'
pdfdir='${docdir}'
prefix='/usr/local'
program_transform_name='s,x,x,'
psdir='${docdir}'
runstatedir='${localstatedir}/run'
sbindir='${exec_prefix}/sbin'
sharedstatedir='${prefix}/com'
sysconfdir='${prefix}/etc'
target_alias=''

## ----------- ##
## confdefs.h. ##
## ----------- ##

/* confdefs.h */
#define PACKAGE_NAME "FULL-PACKAGE-NAME"
#define PACKAGE_TARNAME "full-package-name"
#define PACKAGE_VERSION "VERSION"
#define PACKAGE_STRING "FULL-PACKAGE-NAME VERSION"
#define PACKAGE_BUGREPORT "BUG-REPORT-ADDRESS"
#define PACKAGE_URL ""
#define PACKAGE "pgnlib"
#define VERSION "0.2.5"
#define STDC_HEADERS 1
#define HAVE_SYS_TYPES_H 1
#define HAVE_SYS_STAT_H 1
#define HAVE_STDLIB_H 1
#define HAVE_STRING_H 1
#define HAVE_MEMORY_H 1
#define HAVE_STRINGS_H 1
#define HAVE_INTTYPES_H 1
#define HAVE_STDINT_H 1
#define HAVE_UNISTD_H 1
#define HAVE_DLFCN_H 1
#define LT_OBJDIR ".libs/"

configure: exit 0
